#
# There is insufficient memory for the Java Runtime Environment to continue.
# Native memory allocation (mmap) failed to map 130023424 bytes. Error detail: G1 virtual space
# Possible reasons:
#   The system is out of physical RAM or swap space
#   This process is running with CompressedOops enabled, and the Java Heap may be blocking the growth of the native heap
# Possible solutions:
#   Reduce memory load on the system
#   Increase physical memory or swap space
#   Check if swap backing store is full
#   Decrease Java heap size (-Xmx/-Xms)
#   Decrease number of Java threads
#   Decrease Java thread stack sizes (-Xss)
#   Set larger code cache with -XX:ReservedCodeCacheSize=
#   JVM is running with Unscaled Compressed Oops mode in which the Java heap is
#     placed in the first 4GB address space. The Java Heap base address is the
#     maximum limit for the native heap growth. Please use -XX:HeapBaseMinAddress
#     to set the Java Heap base and to place the Java Heap above 4GB virtual address.
# This output file may be truncated or incomplete.
#
#  Out of Memory Error (os_windows.cpp:3613), pid=31364, tid=11556
#
# JRE version:  (17.0.12+7) (build )
# Java VM: OpenJDK 64-Bit Server VM (17.0.12+7-LTS, mixed mode, sharing, tiered, compressed oops, compressed class ptrs, g1 gc, windows-amd64)
# No core dump will be written. Minidumps are not enabled by default on client versions of Windows
#

---------------  S U M M A R Y ------------

Command Line: -javaagent:C:\Program Files\JetBrains\IntelliJ IDEA 2023.3.4\lib\idea_rt.jar=64167:C:\Program Files\JetBrains\IntelliJ IDEA 2023.3.4\bin -Dfile.encoding=UTF-8 Main

Host: 12th Gen Intel(R) Core(TM) i5-1235U, 12 cores, 7G,  Windows 10 , 64 bit Build 19041 (10.0.19041.4842)
Time: Sun Sep 29 22:40:02 2024 Turkey Standard Time elapsed time: 0.034199 seconds (0d 0h 0m 0s)

---------------  T H R E A D  ---------------

Current thread (0x000002639514f3a0):  JavaThread "Unknown thread" [_thread_in_vm, id=11556, stack(0x000000d3ebb00000,0x000000d3ebc00000)]

Stack: [0x000000d3ebb00000,0x000000d3ebc00000]
Native frames: (J=compiled Java code, j=interpreted, Vv=VM code, C=native code)
V  [jvm.dll+0x67f4f9]
V  [jvm.dll+0x836eaa]
V  [jvm.dll+0x83896e]
V  [jvm.dll+0x838fd3]
V  [jvm.dll+0x247f6f]
V  [jvm.dll+0x67c2b9]
V  [jvm.dll+0x670d7a]
V  [jvm.dll+0x307b5b]
V  [jvm.dll+0x30f046]
V  [jvm.dll+0x35f22e]
V  [jvm.dll+0x35f46f]
V  [jvm.dll+0x2deb7c]
V  [jvm.dll+0x2dfad4]
V  [jvm.dll+0x80870b]
V  [jvm.dll+0x36cfa1]
V  [jvm.dll+0x7e70f5]
V  [jvm.dll+0x3f0adf]
V  [jvm.dll+0x3f2631]
C  [jli.dll+0x528f]
C  [ucrtbase.dll+0x21bb2]
C  [KERNEL32.DLL+0x17374]
C  [ntdll.dll+0x4cc91]


---------------  P R O C E S S  ---------------

Threads class SMR info:
_java_thread_list=0x00007ffa2e006f18, length=0, elements={
}

Java Threads: ( => current thread )

Other Threads:
  0x00000263951a7350 GCTaskThread "GC Thread#0" [stack: 0x000000d3ebc00000,0x000000d3ebd00000] [id=19204]
  0x00000263951b86c0 ConcurrentGCThread "G1 Main Marker" [stack: 0x000000d3ebd00000,0x000000d3ebe00000] [id=25772]
  0x00000263951ba000 ConcurrentGCThread "G1 Conc#0" [stack: 0x000000d3ebe00000,0x000000d3ebf00000] [id=20228]

[error occurred during error reporting (printing all threads), id 0xc0000005, EXCEPTION_ACCESS_VIOLATION (0xc0000005) at pc=0x00007ffa2d7bf277]

VM state: not at safepoint (not fully initialized)

VM Mutex/Monitor currently owned by a thread:  ([mutex/lock_event])
[0x0000026395148f70] Heap_lock - owner thread: 0x000002639514f3a0

Heap address: 0x0000000085800000, size: 1960 MB, Compressed Oops mode: 32-bit

CDS archive(s) mapped at: [0x0000000000000000-0x0000000000000000-0x0000000000000000), size 0, SharedBaseAddress: 0x0000000800000000, ArchiveRelocationMode: 1.
Narrow klass base: 0x0000000000000000, Narrow klass shift: 0, Narrow klass range: 0x0

GC Precious Log:
<Empty>

Heap:
 garbage-first heap   total 0K, used 0K [0x0000000085800000, 0x0000000100000000)
  region size 1024K, 0 young (0K), 0 survivors (0K)

[error occurred during error reporting (printing heap information), id 0xc0000005, EXCEPTION_ACCESS_VIOLATION (0xc0000005) at pc=0x00007ffa2dba8829]

GC Heap History (0 events):
No events

Dll operation events (1 events):
Event: 0.026 Loaded shared library C:\Users\Aysenur.Toprak\.jdks\corretto-17.0.12\bin\java.dll

Deoptimization events (0 events):
No events

Classes loaded (0 events):
No events

Classes unloaded (0 events):
No events

Classes redefined (0 events):
No events

Internal exceptions (0 events):
No events

VM Operations (0 events):
No events

Events (0 events):
No events


Dynamic libraries:
0x00007ff730f00000 - 0x00007ff730f0e000 	C:\Users\Aysenur.Toprak\.jdks\corretto-17.0.12\bin\java.exe
0x00007ffb03bd0000 - 0x00007ffb03dc8000 	C:\Windows\SYSTEM32\ntdll.dll
0x00007ffb01ca0000 - 0x00007ffb01d61000 	C:\Windows\System32\KERNEL32.DLL
0x00007ffb01540000 - 0x00007ffb0183d000 	C:\Windows\System32\KERNELBASE.dll
0x00007ffb019a0000 - 0x00007ffb01aa0000 	C:\Windows\System32\ucrtbase.dll
0x00007ffad7780000 - 0x00007ffad7797000 	C:\Users\Aysenur.Toprak\.jdks\corretto-17.0.12\bin\jli.dll
0x00007ffad7b30000 - 0x00007ffad7b4b000 	C:\Users\Aysenur.Toprak\.jdks\corretto-17.0.12\bin\VCRUNTIME140.dll
0x00007ffb03890000 - 0x00007ffb03a2d000 	C:\Windows\System32\USER32.dll
0x00007ffb01940000 - 0x00007ffb01962000 	C:\Windows\System32\win32u.dll
0x00007ffad88d0000 - 0x00007ffad8b6a000 	C:\Windows\WinSxS\amd64_microsoft.windows.common-controls_6595b64144ccf1df_6.0.19041.4355_none_60b8b9eb71f62e16\COMCTL32.dll
0x00007ffb03800000 - 0x00007ffb0382b000 	C:\Windows\System32\GDI32.dll
0x00007ffb025a0000 - 0x00007ffb0263e000 	C:\Windows\System32\msvcrt.dll
0x00007ffb01420000 - 0x00007ffb01537000 	C:\Windows\System32\gdi32full.dll
0x00007ffb01280000 - 0x00007ffb0131d000 	C:\Windows\System32\msvcp_win.dll
0x00007ffb03b60000 - 0x00007ffb03b8f000 	C:\Windows\System32\IMM32.DLL
0x00007ffac51e0000 - 0x00007ffac5284000 	C:\Program Files\McAfee\Endpoint Security\Threat Prevention\Ips\EpMPApi.dll
0x00007ffb02ab0000 - 0x00007ffb02bd3000 	C:\Windows\System32\RPCRT4.dll
0x00007ffb02d70000 - 0x00007ffb02e20000 	C:\Windows\System32\ADVAPI32.dll
0x00007ffb01c00000 - 0x00007ffb01ca0000 	C:\Windows\System32\sechost.dll
0x00007ffb01970000 - 0x00007ffb01997000 	C:\Windows\System32\bcrypt.dll
0x00007ffb018d0000 - 0x00007ffb01939000 	C:\Windows\System32\WINTRUST.dll
0x00007ffb01aa0000 - 0x00007ffb01bfc000 	C:\Windows\System32\CRYPT32.dll
0x00007ffb00e40000 - 0x00007ffb00e52000 	C:\Windows\SYSTEM32\MSASN1.dll
0x0000000050160000 - 0x000000005016c000 	C:\Program Files\McAfee\Endpoint Security\Threat Prevention\Ips\EpMPThe.dll
0x00007ffac5660000 - 0x00007ffac56bc000 	C:\Program Files\McAfee\Endpoint Security\Threat Prevention\Ips\HIPHandlers64.dll
0x00007ffb01e30000 - 0x00007ffb0259f000 	C:\Windows\System32\SHELL32.dll
0x00007ffb03510000 - 0x00007ffb03565000 	C:\Windows\System32\SHLWAPI.dll
0x00007ffafeda0000 - 0x00007ffafef84000 	C:\Windows\SYSTEM32\dbghelp.dll
0x00007ffb006a0000 - 0x00007ffb006db000 	C:\Windows\SYSTEM32\IPHLPAPI.DLL
0x00007ffadcc40000 - 0x00007ffadcc4c000 	C:\Users\Aysenur.Toprak\.jdks\corretto-17.0.12\bin\vcruntime140_1.dll
0x00007ffaa4df0000 - 0x00007ffaa4e7d000 	C:\Users\Aysenur.Toprak\.jdks\corretto-17.0.12\bin\msvcp140.dll
0x00007ffa2d4d0000 - 0x00007ffa2e13a000 	C:\Users\Aysenur.Toprak\.jdks\corretto-17.0.12\bin\server\jvm.dll
0x00007ffb02fc0000 - 0x00007ffb0302b000 	C:\Windows\System32\WS2_32.dll
0x00007ffb00810000 - 0x00007ffb0085b000 	C:\Windows\SYSTEM32\POWRPROF.dll
0x00007ffaf64a0000 - 0x00007ffaf64c7000 	C:\Windows\SYSTEM32\WINMM.dll
0x00007ffaf7180000 - 0x00007ffaf718a000 	C:\Windows\SYSTEM32\VERSION.dll
0x00007ffb00680000 - 0x00007ffb00692000 	C:\Windows\SYSTEM32\UMPDC.dll
0x00007ffaffb30000 - 0x00007ffaffb42000 	C:\Windows\SYSTEM32\kernel.appcore.dll
0x00007ffad7bd0000 - 0x00007ffad7bda000 	C:\Users\Aysenur.Toprak\.jdks\corretto-17.0.12\bin\jimage.dll
0x00007ffae6040000 - 0x00007ffae6074000 	C:\Windows\SYSTEM32\dbgcore.DLL
0x00007ffb01840000 - 0x00007ffb018c2000 	C:\Windows\System32\bcryptPrimitives.dll
0x00007ffafd440000 - 0x00007ffafd44e000 	C:\Users\Aysenur.Toprak\.jdks\corretto-17.0.12\bin\instrument.dll
0x00007ffacef80000 - 0x00007ffacefa5000 	C:\Users\Aysenur.Toprak\.jdks\corretto-17.0.12\bin\java.dll

dbghelp: loaded successfully - version: 4.0.5 - missing functions: none
symbol engine: initialized successfully - sym options: 0x614 - pdb path: .;C:\Users\Aysenur.Toprak\.jdks\corretto-17.0.12\bin;C:\Windows\SYSTEM32;C:\Windows\WinSxS\amd64_microsoft.windows.common-controls_6595b64144ccf1df_6.0.19041.4355_none_60b8b9eb71f62e16;C:\Program Files\McAfee\Endpoint Security\Threat Prevention\Ips;C:\Users\Aysenur.Toprak\.jdks\corretto-17.0.12\bin\server

VM Arguments:
jvm_args: -javaagent:C:\Program Files\JetBrains\IntelliJ IDEA 2023.3.4\lib\idea_rt.jar=64167:C:\Program Files\JetBrains\IntelliJ IDEA 2023.3.4\bin -Dfile.encoding=UTF-8 
java_command: Main
java_class_path (initial): C:\Users\Aysenur.Toprak\IdeaProjects\FSWEB-S14D1-Maven\target\classes;C:\Users\Aysenur.Toprak\.m2\repository\org\junit\jupiter\junit-jupiter-engine\5.9.2\junit-jupiter-engine-5.9.2.jar;C:\Users\Aysenur.Toprak\.m2\repository\org\junit\platform\junit-platform-engine\1.9.2\junit-platform-engine-1.9.2.jar;C:\Users\Aysenur.Toprak\.m2\repository\org\opentest4j\opentest4j\1.2.0\opentest4j-1.2.0.jar;C:\Users\Aysenur.Toprak\.m2\repository\org\junit\platform\junit-platform-commons\1.9.2\junit-platform-commons-1.9.2.jar;C:\Users\Aysenur.Toprak\.m2\repository\org\junit\jupiter\junit-jupiter-api\5.9.2\junit-jupiter-api-5.9.2.jar;C:\Users\Aysenur.Toprak\.m2\repository\org\apiguardian\apiguardian-api\1.1.2\apiguardian-api-1.1.2.jar;C:\Users\Aysenur.Toprak\.m2\repository\org\apache\httpcomponents\httpclient\4.5.14\httpclient-4.5.14.jar;C:\Users\Aysenur.Toprak\.m2\repository\org\apache\httpcomponents\httpcore\4.4.16\httpcore-4.4.16.jar;C:\Users\Aysenur.Toprak\.m2\repository\commons-logging\commons-logging\1.2\commons-logging-1.2.jar;C:\Users\Aysenur.Toprak\.m2\repository\commons-codec\commons-codec\1.11\commons-codec-1.11.jar;C:\Users\Aysenur.Toprak\.m2\repository\org\json\json\20240205\json-20240205.jar
Launcher Type: SUN_STANDARD

[Global flags]
     intx CICompilerCount                          = 4                                         {product} {ergonomic}
     uint ConcGCThreads                            = 3                                         {product} {ergonomic}
     uint G1ConcRefinementThreads                  = 10                                        {product} {ergonomic}
   size_t G1HeapRegionSize                         = 1048576                                   {product} {ergonomic}
    uintx GCDrainStackTargetSize                   = 64                                        {product} {ergonomic}
   size_t InitialHeapSize                          = 130023424                                 {product} {ergonomic}
   size_t MarkStackSize                            = 4194304                                   {product} {ergonomic}
   size_t MaxHeapSize                              = 2055208960                                {product} {ergonomic}
   size_t MinHeapDeltaBytes                        = 1048576                                   {product} {ergonomic}
   size_t MinHeapSize                              = 8388608                                   {product} {ergonomic}
    uintx NonNMethodCodeHeapSize                   = 5839372                                {pd product} {ergonomic}
    uintx NonProfiledCodeHeapSize                  = 122909434                              {pd product} {ergonomic}
    uintx ProfiledCodeHeapSize                     = 122909434                              {pd product} {ergonomic}
    uintx ReservedCodeCacheSize                    = 251658240                              {pd product} {ergonomic}
     bool SegmentedCodeCache                       = true                                      {product} {ergonomic}
   size_t SoftMaxHeapSize                          = 2055208960                             {manageable} {ergonomic}
     bool UseCompressedClassPointers               = true                           {product lp64_product} {ergonomic}
     bool UseCompressedOops                        = true                           {product lp64_product} {ergonomic}
     bool UseG1GC                                  = true                                      {product} {ergonomic}
     bool UseLargePagesIndividualAllocation        = false                                  {pd product} {ergonomic}

Logging:
Log output configuration:
 #0: stdout all=warning uptime,level,tags
 #1: stderr all=off uptime,level,tags

Environment Variables:
JAVA_HOME=C:\Program Files\Java\jdk-21
PATH=C:\Program Files (x86)\Razer\ChromaBroadcast\bin;C:\Program Files\Razer\ChromaBroadcast\bin;C:\Program Files\Common Files\Oracle\Java\javapath;C:\DEV6I\bin;C:\Oracle\client\Aysenur.Toprak\product\19.0.0\client01\bin;C:\Windows\system32;C:\Windows;C:\Windows\System32\Wbem;C:\Windows\System32\WindowsPowerShell\v1.0\;C:\Windows\System32\OpenSSH\;C:\Program Files\dotnet\;C:\DEV6I\jdk\bin;C:\Program Files (x86)\Pulse Secure\VC142.CRT\X64\;C:\Program Files (x86)\Pulse Secure\VC142.CRT\X86\;C:\Program Files (x86)\Common Files\Pulse Secure\TNC Client Plugin\;C:\Program Files (x86)\Microsoft SQL Server\160\Tools\Binn\;C:\Program Files\Microsoft SQL Server\160\Tools\Binn\;C:\Program Files\Microsoft SQL Server\Client SDK\ODBC\170\Tools\Binn\;C:\Program Files\Microsoft SQL Server\160\DTS\Binn\;C:\Program Files (x86)\Microsoft SQL Server\160\DTS\Binn\;C:\Program Files\Azure Data Studio\bin;C:\Program Files\Java\jdk-21\bin;C:\Windows\system32\config\systemprofile\AppData\Local\Microsoft\WindowsApps;C:\Program Files\Microsoft SQL Server\150\Tools\Binn\;C:\Program Files\Git\cmd;C:\Program Files\nodejs;C:\Program Files\nodejs\;C:\Program Files\MySQL\MySQL Shell 8.0\bin\;C:\Users\Aysenur.Toprak\AppData\Local\Microsoft\WindowsApps;;C:\Program Files\Azure Data Studio\bin;C:\Program Files\JetBrains\IntelliJ IDEA Community Edition 2023.2.3\bin;;C:\Users\Aysenur.Toprak\.dotnet\tools;C:\Program Files\JetBrains\IntelliJ IDEA 2023.3.4\bin;;C:\Users\Aysenur.Toprak\AppData\Local\Programs\Microsoft VS Code\bin;C:\Program Files\JetBrains\PyCharm 2024.1\bin;;C:\Users\Aysenur.Toprak\AppData\Roaming\npm
USERNAME=Aysenur.Toprak
OS=Windows_NT
PROCESSOR_IDENTIFIER=Intel64 Family 6 Model 154 Stepping 4, GenuineIntel
TMP=C:\Users\AYSENU~1.TOP\AppData\Local\Temp
TEMP=C:\Users\AYSENU~1.TOP\AppData\Local\Temp



Periodic native trim disabled


---------------  S Y S T E M  ---------------

OS:
 Windows 10 , 64 bit Build 19041 (10.0.19041.4842)
OS uptime: 12 days 12:15 hours

CPU: total 12 (initial active 12) (12 cores per cpu, 1 threads per core) family 6 model 154 stepping 4 microcode 0x433, cx8, cmov, fxsr, mmx, 3dnowpref, sse, sse2, sse3, ssse3, sse4.1, sse4.2, popcnt, lzcnt, tsc, tscinvbit, avx, avx2, aes, erms, clmul, bmi1, bmi2, adx, sha, fma, vzeroupper, clflush, clflushopt, clwb
Processor Information for all 12 processors :
  Max Mhz: 1300, Current Mhz: 1300, Mhz Limit: 1300

Memory: 4k page, system-wide physical 7832M (312M free)
TotalPageFile size 31384M (AvailPageFile size 57M)
current process WorkingSet (physical memory assigned to process): 12M, peak: 12M
current process commit charge ("private bytes"): 65M, peak: 189M

vm_info: OpenJDK 64-Bit Server VM (17.0.12+7-LTS) for windows-amd64 JRE (17.0.12+7-LTS), built on Jul 10 2024 20:46:33 by "Administrator" with MS VC++ 16.10 / 16.11 (VS2019)

END.
